
> backend@0.0.0 start /root/NewsAggregator/backend
> node ./bin/www

[0mGET / [36m304 [0m9.458 ms - -[0m
[0mGET /runtime.js [36m304 [0m1.588 ms - -[0m
[0mGET /polyfills.js [36m304 [0m0.566 ms - -[0m
[0mGET /vendor.js [36m304 [0m0.484 ms - -[0m
[0mGET /styles.js [36m304 [0m0.497 ms - -[0m
[0mGET /main.js [36m304 [0m0.471 ms - -[0m
Terminated

npm ERR! Linux 4.15.0-46-generic
npm ERR! argv "/usr/bin/node" "/usr/bin/npm" "run" "start"
npm ERR! node v8.10.0
npm ERR! npm  v3.5.2
npm ERR! code ELIFECYCLE
npm ERR! backend@0.0.0 start: `node ./bin/www`
npm ERR! Exit status 143
npm ERR! 
npm ERR! Failed at the backend@0.0.0 start script 'node ./bin/www'.
npm ERR! Make sure you have the latest version of node.js and npm installed.
npm ERR! If you do, this is most likely a problem with the backend package,
npm ERR! not with npm itself.
npm ERR! Tell the author that this fails on your system:
npm ERR!     node ./bin/www
npm ERR! You can get information on how to open an issue for this project with:
npm ERR!     npm bugs backend
npm ERR! Or if that isn't available, you can get their info via:
npm ERR!     npm owner ls backend
npm ERR! There is likely additional logging output above.

npm ERR! Please include the following file with any support request:
npm ERR!     /root/NewsAggregator/backend/npm-debug.log

> backend@0.0.0 start-dev /root/NewsAggregator/backend
> nodemon node --inspect bin/www

[33m[nodemon] 1.19.1[39m
[33m[nodemon] to restart at any time, enter `rs`[39m
[33m[nodemon] watching: *.*[39m
[32m[nodemon] starting `node node --inspect bin/www`[39m
events.js:183
      throw er; // Unhandled 'error' event
      ^

Error: EBADF: bad file descriptor, read

npm ERR! Linux 4.15.0-46-generic
npm ERR! argv "/usr/bin/node" "/usr/bin/npm" "run" "start-dev"
npm ERR! node v8.10.0
npm ERR! npm  v3.5.2
npm ERR! code ELIFECYCLE
npm ERR! backend@0.0.0 start-dev: `nodemon node --inspect bin/www`
npm ERR! Exit status 1
npm ERR! 
npm ERR! Failed at the backend@0.0.0 start-dev script 'nodemon node --inspect bin/www'.
npm ERR! Make sure you have the latest version of node.js and npm installed.
npm ERR! If you do, this is most likely a problem with the backend package,
npm ERR! not with npm itself.
npm ERR! Tell the author that this fails on your system:
npm ERR!     nodemon node --inspect bin/www
npm ERR! You can get information on how to open an issue for this project with:
npm ERR!     npm bugs backend
npm ERR! Or if that isn't available, you can get their info via:
npm ERR!     npm owner ls backend
npm ERR! There is likely additional logging output above.

npm ERR! Please include the following file with any support request:
npm ERR!     /root/NewsAggregator/backend/npm-debug.log

> backend@0.0.0 start-dev /root/NewsAggregator/backend
> nodemon node --inspect bin/www

[33m[nodemon] 1.19.1[39m
[33m[nodemon] to restart at any time, enter `rs`[39m
[33m[nodemon] watching: *.*[39m
[32m[nodemon] starting `node node --inspect bin/www`[39m
events.js:183
      throw er; // Unhandled 'error' event
      ^

Error: EBADF: bad file descriptor, read

npm ERR! Linux 4.15.0-46-generic
npm ERR! argv "/usr/bin/node" "/usr/bin/npm" "run" "start-dev"
npm ERR! node v8.10.0
npm ERR! npm  v3.5.2
npm ERR! code ELIFECYCLE
npm ERR! backend@0.0.0 start-dev: `nodemon node --inspect bin/www`
npm ERR! Exit status 1
npm ERR! 
npm ERR! Failed at the backend@0.0.0 start-dev script 'nodemon node --inspect bin/www'.
npm ERR! Make sure you have the latest version of node.js and npm installed.
npm ERR! If you do, this is most likely a problem with the backend package,
npm ERR! not with npm itself.
npm ERR! Tell the author that this fails on your system:
npm ERR!     nodemon node --inspect bin/www
npm ERR! You can get information on how to open an issue for this project with:
npm ERR!     npm bugs backend
npm ERR! Or if that isn't available, you can get their info via:
npm ERR!     npm owner ls backend
npm ERR! There is likely additional logging output above.

npm ERR! Please include the following file with any support request:
npm ERR!     /root/NewsAggregator/backend/npm-debug.log

> backend@0.0.0 start-dev /root/NewsAggregator/backend
> nodemon node --inspect bin/www

[33m[nodemon] 1.19.1[39m
[33m[nodemon] to restart at any time, enter `rs`[39m
[33m[nodemon] watching: *.*[39m
[32m[nodemon] starting `node node --inspect bin/www`[39m
events.js:183
      throw er; // Unhandled 'error' event
      ^

Error: EBADF: bad file descriptor, read

npm ERR! Linux 4.15.0-46-generic
npm ERR! argv "/usr/bin/node" "/usr/bin/npm" "run" "start-dev"
npm ERR! node v8.10.0
npm ERR! npm  v3.5.2
npm ERR! code ELIFECYCLE
npm ERR! backend@0.0.0 start-dev: `nodemon node --inspect bin/www`
npm ERR! Exit status 1
npm ERR! 
npm ERR! Failed at the backend@0.0.0 start-dev script 'nodemon node --inspect bin/www'.
npm ERR! Make sure you have the latest version of node.js and npm installed.
npm ERR! If you do, this is most likely a problem with the backend package,
npm ERR! not with npm itself.
npm ERR! Tell the author that this fails on your system:
npm ERR!     nodemon node --inspect bin/www
npm ERR! You can get information on how to open an issue for this project with:
npm ERR!     npm bugs backend
npm ERR! Or if that isn't available, you can get their info via:
npm ERR!     npm owner ls backend
npm ERR! There is likely additional logging output above.

npm ERR! Please include the following file with any support request:
npm ERR!     /root/NewsAggregator/backend/npm-debug.log

> backend@0.0.0 start /root/NewsAggregator/backend
> node ./bin/www


> backend@0.0.0 start /root/NewsAggregator/backend
> node ./bin/www

[0mGET / [36m304 [0m9.265 ms - -[0m
[0mGET /polyfills.js [36m304 [0m2.905 ms - -[0m
[0mGET /runtime.js [36m304 [0m2.504 ms - -[0m
[0mGET /styles.js [36m304 [0m2.200 ms - -[0m
[0mGET /vendor.js [36m304 [0m2.044 ms - -[0m
[0mGET /main.js [36m304 [0m1.793 ms - -[0m
[0mGET / [36m304 [0m0.639 ms - -[0m
[0mGET /runtime.js [36m304 [0m0.657 ms - -[0m
[0mGET /polyfills.js [36m304 [0m0.450 ms - -[0m
[0mGET /main.js [36m304 [0m1.397 ms - -[0m
[0mGET /styles.js [36m304 [0m1.413 ms - -[0m
[0mGET /vendor.js [36m304 [0m1.405 ms - -[0m
[0mGET / [36m304 [0m0.666 ms - -[0m
[0mGET /runtime.js [36m304 [0m0.764 ms - -[0m
[0mGET /polyfills.js [36m304 [0m0.581 ms - -[0m
[0mGET /main.js [36m304 [0m0.881 ms - -[0m
[0mGET /vendor.js [36m304 [0m0.945 ms - -[0m
[0mGET /styles.js [36m304 [0m0.662 ms - -[0m
[0mGET / [32m200 [0m3.487 ms - 1557[0m
[0mGET /runtime.js [32m200 [0m1.121 ms - 6224[0m
[0mGET /styles.js [32m200 [0m0.764 ms - 19106[0m
[0mGET /main.js [32m200 [0m0.779 ms - 40410[0m
[0mGET /polyfills.js [32m200 [0m0.640 ms - 241776[0m
[0mGET /vendor.js [32m200 [0m0.846 ms - 3992138[0m
[0mGET /favicon.ico [32m200 [0m0.982 ms - 167171[0m
[0mGET / [32m200 [0m2.080 ms - 1557[0m
[0mGET / [32m200 [0m0.826 ms - 1557[0m
[0mGET /runtime.js [32m200 [0m0.847 ms - 6224[0m
[0mGET /styles.js [32m200 [0m0.865 ms - 19106[0m
[0mGET /main.js [32m200 [0m1.568 ms - 40410[0m
[0mGET /polyfills.js [32m200 [0m1.050 ms - 241776[0m
[0mGET /vendor.js [32m200 [0m1.700 ms - 3992138[0m
[0mGET /favicon.ico [32m200 [0m0.889 ms - 167171[0m
[0mGET / [32m200 [0m0.828 ms - 1557[0m
[0mGET / [32m200 [0m2.331 ms - 1557[0m
[0mGET / [32m200 [0m11.607 ms - 1557[0m
[0mGET / [32m200 [0m0.882 ms - 1557[0m
[0mGET / [32m200 [0m2.226 ms - 1557[0m
[0mGET /runtime.js [32m200 [0m2.254 ms - 6224[0m
[0mGET /styles.js [32m200 [0m1.796 ms - 19106[0m
[0mGET /main.js [32m200 [0m1.312 ms - 40410[0m
[0mGET /polyfills.js [32m200 [0m2.516 ms - 241776[0m
[0mGET /vendor.js [32m200 [0m1.959 ms - 3992138[0m
[0mGET /favicon.ico [32m200 [0m2.154 ms - 167171[0m
[0mGET / [32m200 [0m2.079 ms - 1557[0m
[0mGET / [32m200 [0m2.052 ms - 1557[0m
[0mGET /runtime.js [32m200 [0m0.842 ms - 6224[0m
[0mGET /es2015-polyfills.js [32m200 [0m2.296 ms - 291455[0m
[0mGET /main.js [32m200 [0m1.114 ms - 40410[0m
[0mGET /styles.js [32m200 [0m1.657 ms - 19106[0m
[0mGET /polyfills.js [32m200 [0m1.317 ms - 241776[0m
[0mGET /vendor.js [32m200 [0m1.599 ms - 3992138[0m
[0mGET /favicon.ico [32m200 [0m0.942 ms - 167171[0m
[0mGET / [32m200 [0m1.989 ms - 1557[0m
[0mGET / [32m200 [0m1.588 ms - 1557[0m
[0mGET /runtime.js [32m200 [0m1.043 ms - 6224[0m
[0mGET /styles.js [32m200 [0m0.766 ms - 19106[0m
[0mGET /polyfills.js [32m200 [0m0.908 ms - 241776[0m
[0mGET /main.js [32m200 [0m0.827 ms - 40410[0m
[0mGET /vendor.js [32m200 [0m0.877 ms - 3992138[0m
[0mGET /favicon.ico [32m200 [0m0.914 ms - 167171[0m
[0mGET / [32m200 [0m0.792 ms - 1557[0m
[0mGET /runtime.js [32m200 [0m1.949 ms - 6224[0m
[0mGET /styles.js [32m200 [0m1.783 ms - 19106[0m
[0mGET /main.js [32m200 [0m2.018 ms - 40410[0m
[0mGET /polyfills.js [32m200 [0m1.938 ms - 241776[0m
[0mGET /vendor.js [32m200 [0m1.955 ms - 3992138[0m
[0mGET /favicon.ico [32m200 [0m21.291 ms - 167171[0m
[0mGET / [32m200 [0m1.863 ms - 1557[0m
[0mGET /runtime.js [32m200 [0m3.602 ms - 6224[0m
[0mGET /styles.js [32m200 [0m3.881 ms - 19106[0m
[0mGET /main.js [32m200 [0m4.886 ms - 40410[0m
[0mGET /polyfills.js [32m200 [0m3.672 ms - 241776[0m
[0mGET /vendor.js [32m200 [0m4.801 ms - 3992138[0m
[0mGET / [32m200 [0m1.997 ms - 1557[0m
[0mGET / [32m200 [0m2.227 ms - 1557[0m
[0mGET / [32m200 [0m1.846 ms - 1557[0m
[0mGET / [32m200 [0m1.915 ms - 1557[0m
[0mGET / [32m200 [0m1.214 ms - 1557[0m
[0mGET / [32m200 [0m1.998 ms - 1557[0m
[0mGET /favicon.ico [32m200 [0m1.011 ms - 167171[0m
[0mGET / [32m200 [0m2.345 ms - 1557[0m
[0mGET /favicon.ico [32m200 [0m1.154 ms - 167171[0m
[0mGET / [32m200 [0m6.580 ms - 1557[0m
[0mGET / [32m200 [0m1.572 ms - 1557[0m
[0mGET /runtime.js [32m200 [0m1.902 ms - 6224[0m
[0mGET /styles.js [32m200 [0m2.498 ms - 19106[0m
[0mGET /main.js [32m200 [0m1.566 ms - 40410[0m
[0mGET /polyfills.js [32m200 [0m2.278 ms - 241776[0m
[0mGET /vendor.js [32m200 [0m3.519 ms - 3992138[0m
[0mGET /favicon.ico [32m200 [0m0.973 ms - 167171[0m
[0mGET / [32m200 [0m0.794 ms - 1557[0m
[0mGET /runtime.js [32m200 [0m0.789 ms - 6224[0m
[0mGET /styles.js [32m200 [0m3.159 ms - 19106[0m
[0mGET /main.js [32m200 [0m2.603 ms - 40410[0m
[0mGET /polyfills.js [32m200 [0m0.590 ms - 241776[0m
[0mGET /vendor.js [32m200 [0m2.528 ms - 3992138[0m
[0mGET /favicon.ico [32m200 [0m0.859 ms - 167171[0m
[0mGET / [32m200 [0m2.061 ms - 1557[0m
[0mGET / [32m200 [0m1.820 ms - 1557[0m
[0mGET / [32m200 [0m0.752 ms - 1557[0m
[0mGET / [32m200 [0m1.860 ms - 1557[0m
[0mGET / [32m200 [0m2.640 ms - 1557[0m
[0mGET /runtime.js [32m200 [0m1.441 ms - 6224[0m
[0mGET /styles.js [32m200 [0m1.571 ms - 19106[0m
[0mGET /polyfills.js [32m200 [0m2.351 ms - 241776[0m
[0mGET /main.js [32m200 [0m1.503 ms - 40410[0m
[0mGET /vendor.js [32m200 [0m1.799 ms - 3992138[0m
[0mGET /favicon.ico [32m200 [0m2.053 ms - 167171[0m
[0mGET / [32m200 [0m2.915 ms - 1557[0m
[0mGET /favicon.ico [32m200 [0m2.592 ms - 167171[0m
[0mGET / [32m200 [0m2.024 ms - 1557[0m
[0mGET / [32m200 [0m1.560 ms - 1557[0m
[0mGET / [32m200 [0m2.011 ms - 1557[0m
[0mGET / [32m200 [0m1.449 ms - 1557[0m
[0mGET / [32m200 [0m1.781 ms - 1557[0m
[0mGET / [32m200 [0m2.343 ms - 1557[0m
[0mGET /runtime.js [32m200 [0m1.325 ms - 6224[0m
[0mGET /styles.js [32m200 [0m2.074 ms - 19106[0m
[0mGET /main.js [32m200 [0m3.114 ms - 40410[0m
[0mGET /polyfills.js [32m200 [0m1.854 ms - 241776[0m
[0mGET /vendor.js [32m200 [0m2.667 ms - 3992138[0m
[0mGET /favicon.ico [32m200 [0m1.858 ms - 167171[0m
[0mGET / [36m304 [0m1.629 ms - -[0m
[0mGET /runtime.js [36m304 [0m0.611 ms - -[0m
[0mGET /polyfills.js [36m304 [0m0.633 ms - -[0m
[0mGET /styles.js [36m304 [0m0.783 ms - -[0m
[0mGET /vendor.js [36m304 [0m0.476 ms - -[0m
[0mGET /main.js [36m304 [0m0.585 ms - -[0m
[0mGET /v1/agent/self [0m- [0m- ms - -[0m
[0mGET / [32m200 [0m3.027 ms - 1557[0m
[0mGET /runtime.js [32m200 [0m1.266 ms - 6224[0m
[0mGET /styles.js [32m200 [0m0.862 ms - 19106[0m
[0mGET /main.js [32m200 [0m1.529 ms - 40410[0m
[0mGET /polyfills.js [32m200 [0m0.939 ms - 241776[0m
[0mGET /vendor.js [32m200 [0m1.631 ms - 3992138[0m
[0mGET /favicon.ico [32m200 [0m0.852 ms - 167171[0m
[0mGET / [36m304 [0m0.953 ms - -[0m
[0mGET /runtime.js [36m304 [0m0.724 ms - -[0m
[0mGET /polyfills.js [36m304 [0m0.547 ms - -[0m
[0mGET /vendor.js [36m304 [0m0.880 ms - -[0m
[0mGET /styles.js [36m304 [0m0.834 ms - -[0m
[0mGET /main.js [36m304 [0m0.539 ms - -[0m
[0mGET /favicon.ico [32m200 [0m1.128 ms - 167171[0m
[0mGET / [36m304 [0m0.771 ms - -[0m
[0mGET /runtime.js [36m304 [0m0.752 ms - -[0m
[0mGET /polyfills.js [36m304 [0m0.517 ms - -[0m
[0mGET /styles.js [36m304 [0m0.754 ms - -[0m
[0mGET /vendor.js [36m304 [0m3.919 ms - -[0m
[0mGET /main.js [36m304 [0m0.694 ms - -[0m
[0mGET /favicon.ico [32m200 [0m0.793 ms - 167171[0m
[0mGET / [36m304 [0m0.524 ms - -[0m
[0mGET /runtime.js [36m304 [0m0.553 ms - -[0m
[0mGET /polyfills.js [36m304 [0m0.456 ms - -[0m
[0mGET /styles.js [36m304 [0m0.479 ms - -[0m
[0mGET /vendor.js [36m304 [0m0.707 ms - -[0m
[0mGET /main.js [36m304 [0m0.802 ms - -[0m
[0mGET /favicon.ico [32m200 [0m0.894 ms - 167171[0m
[0mGET / [36m304 [0m0.575 ms - -[0m
[0mGET /runtime.js [36m304 [0m0.542 ms - -[0m
[0mGET /polyfills.js [36m304 [0m0.487 ms - -[0m
[0mGET /styles.js [36m304 [0m0.643 ms - -[0m
[0mGET /vendor.js [36m304 [0m0.821 ms - -[0m
[0mGET /main.js [36m304 [0m0.826 ms - -[0m
[0mGET /favicon.ico [32m200 [0m0.826 ms - 167171[0m
[0mGET / [36m304 [0m0.628 ms - -[0m
[0mGET /runtime.js [36m304 [0m0.541 ms - -[0m
[0mGET /polyfills.js [36m304 [0m0.406 ms - -[0m
[0mGET /vendor.js [36m304 [0m0.810 ms - -[0m
[0mGET /styles.js [36m304 [0m0.428 ms - -[0m
[0mGET /main.js [36m304 [0m0.405 ms - -[0m
[0mGET /favicon.ico [32m200 [0m0.735 ms - 167171[0m
[0mGET / [36m304 [0m0.593 ms - -[0m
[0mGET /runtime.js [36m304 [0m1.031 ms - -[0m
[0mGET /polyfills.js [36m304 [0m0.968 ms - -[0m
[0mGET /styles.js [36m304 [0m0.714 ms - -[0m
[0mGET /vendor.js [36m304 [0m1.308 ms - -[0m
[0mGET /main.js [36m304 [0m1.027 ms - -[0m
[0mGET /favicon.ico [32m200 [0m0.757 ms - 167171[0m
[0mGET / [32m200 [0m0.801 ms - 1557[0m
[0mGET /runtime.js [32m200 [0m4.094 ms - 6224[0m
[0mGET /styles.js [32m200 [0m1.964 ms - 19106[0m
[0mGET /main.js [32m200 [0m2.072 ms - 40410[0m
[0mGET /polyfills.js [32m200 [0m1.418 ms - 241776[0m
[0mGET /vendor.js [32m200 [0m2.141 ms - 3992138[0m
[0mGET /favicon.ico [32m200 [0m0.892 ms - 167171[0m
[0mGET / [36m304 [0m0.586 ms - -[0m
[0mGET /runtime.js [36m304 [0m1.394 ms - -[0m
[0mGET /polyfills.js [36m304 [0m0.429 ms - -[0m
[0mGET /vendor.js [36m304 [0m0.699 ms - -[0m
[0mGET /main.js [36m304 [0m0.995 ms - -[0m
[0mGET /styles.js [36m304 [0m0.829 ms - -[0m
[0mGET /favicon.ico [32m200 [0m0.726 ms - 167171[0m

> backend@0.0.0 start /root/NewsAggregator/backend
> node ./bin/www

[0mGET / [32m200 [0m10.404 ms - 4407[0m
[0mGET /gate_logo.jpg [32m200 [0m1.608 ms - 12629[0m
[0mGET /ageGate.js [32m200 [0m0.877 ms - 6238[0m
[0mGET /runtime.js [32m200 [0m2.094 ms - 6224[0m
[0mGET /styles.js [32m200 [0m0.750 ms - 19106[0m
[0mGET /main.js [32m200 [0m2.328 ms - 40410[0m
[0mGET /polyfills.js [32m200 [0m1.645 ms - 241776[0m
[0mGET /gate_background.jpg [32m200 [0m1.771 ms - 87666[0m
[0mGET /vendor.js [32m200 [0m0.827 ms - 3992138[0m
[0mGET /favicon.ico [32m200 [0m1.409 ms - 167171[0m
[0mGET / [36m304 [0m1.759 ms - -[0m
[0mGET /gate_logo.jpg [36m304 [0m0.621 ms - -[0m
[0mGET /ageGate.js [36m304 [0m0.447 ms - -[0m
[0mGET /runtime.js [36m304 [0m0.497 ms - -[0m
[0mGET /polyfills.js [36m304 [0m6.947 ms - -[0m
[0mGET /styles.js [36m304 [0m0.484 ms - -[0m
[0mGET /main.js [36m304 [0m1.059 ms - -[0m
[0mGET /vendor.js [36m304 [0m1.187 ms - -[0m
[0mGET /gate_background.jpg [36m304 [0m1.157 ms - -[0m
[0mGET / [36m304 [0m0.746 ms - -[0m
[0mGET /gate_logo.jpg [36m304 [0m1.036 ms - -[0m
[0mGET /ageGate.js [36m304 [0m1.015 ms - -[0m
[0mGET /runtime.js [36m304 [0m0.993 ms - -[0m
[0mGET /polyfills.js [36m304 [0m1.029 ms - -[0m
[0mGET /styles.js [36m304 [0m1.201 ms - -[0m
[0mGET /vendor.js [36m304 [0m0.854 ms - -[0m
[0mGET /main.js [36m304 [0m0.860 ms - -[0m
[0mGET /gate_background.jpg [36m304 [0m0.855 ms - -[0m
[0mGET /favicon.ico [32m200 [0m0.847 ms - 167171[0m
[0mGET / [36m304 [0m1.209 ms - -[0m
[0mGET /gate_logo.jpg [36m304 [0m0.647 ms - -[0m
[0mGET /ageGate.js [36m304 [0m0.519 ms - -[0m
[0mGET /polyfills.js [36m304 [0m1.027 ms - -[0m
[0mGET /runtime.js [36m304 [0m0.991 ms - -[0m
[0mGET /vendor.js [36m304 [0m1.016 ms - -[0m
[0mGET /styles.js [36m304 [0m1.060 ms - -[0m
[0mGET /main.js [36m304 [0m0.411 ms - -[0m
[0mGET /gate_background.jpg [36m304 [0m0.449 ms - -[0m
[0mGET /favicon.ico [32m200 [0m1.301 ms - 167171[0m
[0mGET / [36m304 [0m0.639 ms - -[0m
[0mGET /gate_logo.jpg [36m304 [0m0.662 ms - -[0m
[0mGET /ageGate.js [36m304 [0m0.468 ms - -[0m
[0mGET /runtime.js [36m304 [0m6.536 ms - -[0m
[0mGET /polyfills.js [36m304 [0m0.729 ms - -[0m
[0mGET /styles.js [36m304 [0m1.735 ms - -[0m
[0mGET /main.js [36m304 [0m1.828 ms - -[0m
[0mGET /vendor.js [36m304 [0m1.816 ms - -[0m
[0mGET /gate_background.jpg [36m304 [0m1.811 ms - -[0m
[0mGET / [36m304 [0m0.576 ms - -[0m
[0mGET /runtime.js [36m304 [0m0.985 ms - -[0m
[0mGET /ageGate.js [36m304 [0m0.944 ms - -[0m
[0mGET /polyfills.js [36m304 [0m0.972 ms - -[0m
[0mGET /styles.js [36m304 [0m0.984 ms - -[0m
[0mGET /vendor.js [36m304 [0m0.482 ms - -[0m
[0mGET /main.js [36m304 [0m0.545 ms - -[0m
[0mGET /gate_logo.jpg [36m304 [0m0.536 ms - -[0m
[0mGET /gate_background.jpg [36m304 [0m0.581 ms - -[0m
[0mGET / [36m304 [0m0.621 ms - -[0m
[0mGET /gate_logo.jpg [36m304 [0m0.565 ms - -[0m
[0mGET /ageGate.js [36m304 [0m0.424 ms - -[0m
[0mGET /polyfills.js [36m304 [0m1.004 ms - -[0m
[0mGET /runtime.js [36m304 [0m0.989 ms - -[0m
[0mGET /styles.js [36m304 [0m0.587 ms - -[0m
[0mGET /vendor.js [36m304 [0m0.411 ms - -[0m
[0mGET /gate_background.jpg [36m304 [0m1.022 ms - -[0m
[0mGET /main.js [36m304 [0m1.067 ms - -[0m
[0mGET /favicon.ico [32m200 [0m0.780 ms - 167171[0m
[0mGET / [36m304 [0m0.533 ms - -[0m
[0mGET /gate_logo.jpg [36m304 [0m0.604 ms - -[0m
[0mGET /ageGate.js [36m304 [0m0.434 ms - -[0m
[0mGET /runtime.js [36m304 [0m0.523 ms - -[0m
[0mGET /polyfills.js [36m304 [0m0.414 ms - -[0m
[0mGET /styles.js [36m304 [0m0.439 ms - -[0m
[0mGET /vendor.js [36m304 [0m0.434 ms - -[0m
[0mGET /gate_background.jpg [36m304 [0m0.840 ms - -[0m
[0mGET /main.js [36m304 [0m0.833 ms - -[0m
[0mGET /favicon.ico [32m200 [0m0.851 ms - 167171[0m
[0mGET / [36m304 [0m0.638 ms - -[0m
[0mGET /gate_logo.jpg [36m304 [0m1.206 ms - -[0m
[0mGET /ageGate.js [36m304 [0m0.483 ms - -[0m
[0mGET /runtime.js [36m304 [0m0.577 ms - -[0m
[0mGET /vendor.js [36m304 [0m1.606 ms - -[0m
[0mGET /polyfills.js [36m304 [0m1.681 ms - -[0m
[0mGET /styles.js [36m304 [0m1.788 ms - -[0m
[0mGET /main.js [36m304 [0m1.811 ms - -[0m
[0mGET /gate_background.jpg [36m304 [0m0.432 ms - -[0m
[0mGET /favicon.ico [32m200 [0m0.829 ms - 167171[0m
[0mGET / [36m304 [0m0.583 ms - -[0m
[0mGET /gate_logo.jpg [36m304 [0m1.353 ms - -[0m
[0mGET /ageGate.js [36m304 [0m1.444 ms - -[0m
[0mGET /runtime.js [36m304 [0m0.660 ms - -[0m
[0mGET /polyfills.js [36m304 [0m1.805 ms - -[0m
[0mGET /vendor.js [36m304 [0m1.816 ms - -[0m
[0mGET /styles.js [36m304 [0m6.773 ms - -[0m
[0mGET /main.js [36m304 [0m1.334 ms - -[0m
[0mGET /gate_background.jpg [36m304 [0m1.372 ms - -[0m
[0mGET /favicon.ico [32m200 [0m0.903 ms - 167171[0m
[0mGET / [36m304 [0m0.571 ms - -[0m
[0mGET /ageGate.js [36m304 [0m0.926 ms - -[0m
[0mGET /gate_logo.jpg [36m304 [0m0.937 ms - -[0m
[0mGET /runtime.js [36m304 [0m1.028 ms - -[0m
[0mGET /polyfills.js [36m304 [0m1.059 ms - -[0m
[0mGET /styles.js [36m304 [0m16.293 ms - -[0m
[0mGET /vendor.js [36m304 [0m1.986 ms - -[0m
[0mGET /main.js [36m304 [0m1.745 ms - -[0m
[0mGET /gate_background.jpg [36m304 [0m1.581 ms - -[0m
[0mGET /favicon.ico [32m200 [0m1.678 ms - 167171[0m
[0mGET / [32m200 [0m2.088 ms - 4407[0m
[0mGET /gate_logo.jpg [32m200 [0m1.944 ms - 12629[0m
[0mGET /ageGate.js [32m200 [0m2.211 ms - 6238[0m
[0mGET /runtime.js [32m200 [0m0.887 ms - 6224[0m
[0mGET /main.js [32m200 [0m2.104 ms - 40410[0m
[0mGET /styles.js [32m200 [0m1.827 ms - 19106[0m
[0mGET /gate_background.jpg [32m200 [0m1.618 ms - 87666[0m
[0mGET /polyfills.js [32m200 [0m2.114 ms - 241776[0m
[0mGET /vendor.js [32m200 [0m2.058 ms - 3992138[0m
[0mGET /favicon.ico [32m200 [0m0.943 ms - 167171[0m
[0mGET / [36m304 [0m0.700 ms - -[0m
[0mGET /gate_logo.jpg [36m304 [0m1.120 ms - -[0m
[0mGET /ageGate.js [36m304 [0m1.023 ms - -[0m
[0mGET /polyfills.js [36m304 [0m0.921 ms - -[0m
[0mGET /runtime.js [36m304 [0m0.958 ms - -[0m
[0mGET /styles.js [36m304 [0m0.477 ms - -[0m
[0mGET /vendor.js [36m304 [0m0.502 ms - -[0m
[0mGET /main.js [36m304 [0m0.914 ms - -[0m
[0mGET /gate_background.jpg [36m304 [0m0.776 ms - -[0m
[0mGET /favicon.ico [32m200 [0m0.832 ms - 167171[0m
[0mGET / [36m304 [0m1.405 ms - -[0m
[0mGET /gate_logo.jpg [36m304 [0m0.663 ms - -[0m
[0mGET /ageGate.js [36m304 [0m0.496 ms - -[0m
[0mGET /vendor.js [36m304 [0m1.778 ms - -[0m
[0mGET /runtime.js [36m304 [0m1.809 ms - -[0m
[0mGET /styles.js [36m304 [0m1.809 ms - -[0m
[0mGET /polyfills.js [36m304 [0m1.966 ms - -[0m
[0mGET /main.js [36m304 [0m0.570 ms - -[0m
[0mGET /gate_background.jpg [36m304 [0m0.418 ms - -[0m
[0mGET /favicon.ico [32m200 [0m0.953 ms - 167171[0m
[0mGET / [36m304 [0m0.789 ms - -[0m
[0mGET /gate_logo.jpg [36m304 [0m0.681 ms - -[0m
[0mGET /ageGate.js [36m304 [0m0.429 ms - -[0m
[0mGET /polyfills.js [36m304 [0m1.125 ms - -[0m
[0mGET /runtime.js [36m304 [0m1.148 ms - -[0m
[0mGET /vendor.js [36m304 [0m0.547 ms - -[0m
[0mGET /styles.js [36m304 [0m2.433 ms - -[0m
[0mGET /gate_background.jpg [36m304 [0m2.417 ms - -[0m
[0mGET /main.js [36m304 [0m2.472 ms - -[0m
[0mGET /favicon.ico [32m200 [0m1.082 ms - 167171[0m
[0mGET / [36m304 [0m0.588 ms - -[0m
[0mGET /gate_logo.jpg [36m304 [0m0.623 ms - -[0m
[0mGET /ageGate.js [36m304 [0m0.410 ms - -[0m
[0mGET /runtime.js [36m304 [0m0.934 ms - -[0m
[0mGET /polyfills.js [36m304 [0m0.921 ms - -[0m
[0mGET /vendor.js [36m304 [0m0.923 ms - -[0m
[0mGET /styles.js [36m304 [0m0.987 ms - -[0m
[0mGET /main.js [36m304 [0m0.454 ms - -[0m
[0mGET /gate_background.jpg [36m304 [0m0.466 ms - -[0m
[0mGET /favicon.ico [32m200 [0m0.824 ms - 167171[0m
[0mGET / [36m304 [0m0.617 ms - -[0m
[0mGET /gate_logo.jpg [36m304 [0m0.559 ms - -[0m
[0mGET /ageGate.js [36m304 [0m0.426 ms - -[0m
[0mGET /runtime.js [36m304 [0m0.555 ms - -[0m
[0mGET /vendor.js [36m304 [0m1.388 ms - -[0m
[0mGET /polyfills.js [36m304 [0m1.382 ms - -[0m
[0mGET /styles.js [36m304 [0m1.316 ms - -[0m
[0mGET /main.js [36m304 [0m0.986 ms - -[0m
[0mGET /gate_background.jpg [36m304 [0m3.784 ms - -[0m
[0mGET /favicon.ico [32m200 [0m0.856 ms - 167171[0m
[0mGET / [36m304 [0m1.078 ms - -[0m
[0mGET /ageGate.js [36m304 [0m0.547 ms - -[0m
[0mGET /gate_logo.jpg [36m304 [0m0.420 ms - -[0m
[0mGET /runtime.js [36m304 [0m0.482 ms - -[0m
[0mGET /polyfills.js [36m304 [0m1.131 ms - -[0m
[0mGET /styles.js [36m304 [0m0.932 ms - -[0m
[0mGET /vendor.js [36m304 [0m0.489 ms - -[0m
[0mGET /main.js [36m304 [0m0.823 ms - -[0m
[0mGET /gate_background.jpg [36m304 [0m0.806 ms - -[0m
[0mGET /favicon.ico [32m200 [0m0.977 ms - 167171[0m
[0mGET / [36m304 [0m0.600 ms - -[0m
[0mGET /ageGate.js [36m304 [0m0.578 ms - -[0m
[0mGET /runtime.js [36m304 [0m0.813 ms - -[0m
[0mGET /polyfills.js [36m304 [0m6.723 ms - -[0m
[0mGET /styles.js [36m304 [0m0.522 ms - -[0m
[0mGET /vendor.js [36m304 [0m0.431 ms - -[0m
[0mGET /main.js [36m304 [0m0.473 ms - -[0m
[0mGET /gate_logo.jpg [36m304 [0m0.602 ms - -[0m
[0mGET /gate_background.jpg [36m304 [0m0.619 ms - -[0m
[0mGET / [32m200 [0m0.783 ms - 4407[0m
[0mGET /ageGate.js [32m200 [0m0.797 ms - 6238[0m
[0mGET /runtime.js [32m200 [0m0.580 ms - 6224[0m
[0mGET /styles.js [32m200 [0m1.310 ms - 19106[0m
[0mGET /main.js [32m200 [0m0.764 ms - 40410[0m
[0mGET /polyfills.js [32m200 [0m1.300 ms - 241776[0m
[0mGET /gate_logo.jpg [32m200 [0m0.758 ms - 12629[0m
[0mGET /gate_background.jpg [32m200 [0m0.952 ms - 87666[0m
[0mGET /vendor.js [32m200 [0m0.693 ms - 3992138[0m
[0mGET /favicon.ico [32m200 [0m0.749 ms - 167171[0m
[0mGET / [36m304 [0m0.490 ms - -[0m
[0mGET /gate_logo.jpg [36m304 [0m0.589 ms - -[0m
[0mGET /ageGate.js [36m304 [0m0.481 ms - -[0m
[0mGET /runtime.js [36m304 [0m6.053 ms - -[0m
[0mGET /polyfills.js [36m304 [0m6.074 ms - -[0m
[0mGET /styles.js [36m304 [0m6.073 ms - -[0m
[0mGET /vendor.js [36m304 [0m1.546 ms - -[0m
[0mGET /main.js [36m304 [0m0.922 ms - -[0m
[0mGET /gate_background.jpg [36m304 [0m0.997 ms - -[0m
[0mGET / [36m304 [0m0.503 ms - -[0m
[0mGET /gate_logo.jpg [36m304 [0m1.071 ms - -[0m
[0mGET /ageGate.js [36m304 [0m1.035 ms - -[0m
[0mGET /runtime.js [36m304 [0m2.444 ms - -[0m
[0mGET /polyfills.js [36m304 [0m2.492 ms - -[0m
[0mGET /styles.js [36m304 [0m2.409 ms - -[0m
[0mGET /vendor.js [36m304 [0m1.491 ms - -[0m
[0mGET /main.js [36m304 [0m0.772 ms - -[0m
[0mGET /gate_background.jpg [36m304 [0m0.757 ms - -[0m
[0mGET / [36m304 [0m0.528 ms - -[0m
[0mGET /ageGate.js [36m304 [0m1.080 ms - -[0m
[0mGET /gate_logo.jpg [36m304 [0m1.097 ms - -[0m
[0mGET /polyfills.js [36m304 [0m0.996 ms - -[0m
[0mGET /runtime.js [36m304 [0m1.015 ms - -[0m
[0mGET /styles.js [36m304 [0m0.571 ms - -[0m
[0mGET /vendor.js [36m304 [0m0.445 ms - -[0m
[0mGET /main.js [36m304 [0m0.940 ms - -[0m
[0mGET /gate_background.jpg [36m304 [0m0.750 ms - -[0m
[0mGET / [36m304 [0m0.571 ms - -[0m
[0mGET /gate_logo.jpg [36m304 [0m0.713 ms - -[0m
[0mGET /ageGate.js [36m304 [0m0.579 ms - -[0m
[0mGET /polyfills.js [36m304 [0m1.886 ms - -[0m
[0mGET /runtime.js [36m304 [0m1.781 ms - -[0m
[0mGET /styles.js [36m304 [0m1.416 ms - -[0m
[0mGET /vendor.js [36m304 [0m1.285 ms - -[0m
[0mGET /gate_background.jpg [36m304 [0m1.425 ms - -[0m
[0mGET /main.js [36m304 [0m1.434 ms - -[0m
[0mGET / [36m304 [0m1.383 ms - -[0m
[0mGET /gate_logo.jpg [36m304 [0m2.211 ms - -[0m
[0mGET /ageGate.js [36m304 [0m0.484 ms - -[0m
[0mGET /runtime.js [36m304 [0m0.534 ms - -[0m
[0mGET /polyfills.js [36m304 [0m0.493 ms - -[0m
[0mGET /styles.js [36m304 [0m0.474 ms - -[0m
[0mGET /vendor.js [36m304 [0m0.896 ms - -[0m
[0mGET /main.js [36m304 [0m0.943 ms - -[0m
[0mGET /gate_background.jpg [36m304 [0m0.451 ms - -[0m
[0mGET / [36m304 [0m0.661 ms - -[0m
[0mGET /gate_logo.jpg [36m304 [0m0.530 ms - -[0m
[0mGET /ageGate.js [36m304 [0m0.689 ms - -[0m
[0mGET /runtime.js [36m304 [0m0.485 ms - -[0m
[0mGET /polyfills.js [36m304 [0m0.632 ms - -[0m
[0mGET /styles.js [36m304 [0m1.079 ms - -[0m
[0mGET /vendor.js [36m304 [0m0.854 ms - -[0m
[0mGET /main.js [36m304 [0m0.668 ms - -[0m
[0mGET /gate_background.jpg [36m304 [0m0.576 ms - -[0m
[0mGET / [32m200 [0m1.509 ms - 4407[0m
[0mGET /gate_logo.jpg [32m200 [0m0.821 ms - 12629[0m
[0mGET /ageGate.js [32m200 [0m0.659 ms - 6238[0m
[0mGET /runtime.js [32m200 [0m0.738 ms - 6224[0m
[0mGET /styles.js [32m200 [0m1.601 ms - 19106[0m
[0mGET /polyfills.js [32m200 [0m1.634 ms - 241776[0m
[0mGET /main.js [32m200 [0m3.833 ms - 40410[0m
[0mGET /gate_background.jpg [32m200 [0m0.957 ms - 87666[0m
[0mGET /vendor.js [32m200 [0m1.043 ms - 3992138[0m
[0mGET /favicon.ico [32m200 [0m0.938 ms - 167171[0m
[0mGET / [36m304 [0m1.086 ms - -[0m
[0mGET /gate_logo.jpg [36m304 [0m0.536 ms - -[0m
[0mGET /ageGate.js [36m304 [0m0.419 ms - -[0m
[0mGET /runtime.js [36m304 [0m0.540 ms - -[0m
[0mGET /polyfills.js [36m304 [0m0.558 ms - -[0m
[0mGET /vendor.js [36m304 [0m1.132 ms - -[0m
[0mGET /styles.js [36m304 [0m0.895 ms - -[0m
[0mGET /main.js [36m304 [0m1.048 ms - -[0m
[0mGET /gate_background.jpg [36m304 [0m0.793 ms - -[0m
[0mGET / [36m304 [0m0.877 ms - -[0m
[0mGET /gate_logo.jpg [36m304 [0m0.734 ms - -[0m
[0mGET /ageGate.js [36m304 [0m0.522 ms - -[0m
[0mGET /runtime.js [36m304 [0m0.726 ms - -[0m
[0mGET /main.js [36m304 [0m2.240 ms - -[0m
[0mGET /styles.js [36m304 [0m2.219 ms - -[0m
[0mGET /vendor.js [36m304 [0m2.084 ms - -[0m
[0mGET /polyfills.js [36m304 [0m2.084 ms - -[0m
[0mGET /gate_background.jpg [36m304 [0m0.699 ms - -[0m
[0mGET / [36m304 [0m2.288 ms - -[0m
[0mGET /gate_logo.jpg [36m304 [0m1.069 ms - -[0m
[0mGET /ageGate.js [36m304 [0m1.844 ms - -[0m
[0mGET /polyfills.js [36m304 [0m0.989 ms - -[0m
[0mGET /runtime.js [36m304 [0m0.979 ms - -[0m
[0mGET /vendor.js [36m304 [0m0.477 ms - -[0m
[0mGET /main.js [36m304 [0m0.762 ms - -[0m
[0mGET /styles.js [36m304 [0m0.785 ms - -[0m
[0mGET /gate_background.jpg [36m304 [0m0.581 ms - -[0m
[0mGET / [36m304 [0m1.039 ms - -[0m
[0mGET /gate_logo.jpg [36m304 [0m0.606 ms - -[0m
[0mGET /ageGate.js [36m304 [0m0.412 ms - -[0m
[0mGET /runtime.js [36m304 [0m0.663 ms - -[0m
[0mGET /styles.js [36m304 [0m0.913 ms - -[0m
[0mGET /polyfills.js [36m304 [0m0.901 ms - -[0m
[0mGET /vendor.js [36m304 [0m0.422 ms - -[0m
[0mGET /main.js [36m304 [0m0.723 ms - -[0m
[0mGET /gate_background.jpg [36m304 [0m0.698 ms - -[0m
[0mGET / [36m304 [0m0.854 ms - -[0m
[0mGET /ageGate.js [36m304 [0m0.662 ms - -[0m
[0mGET /runtime.js [36m304 [0m0.521 ms - -[0m
[0mGET /styles.js [36m304 [0m0.921 ms - -[0m
[0mGET /polyfills.js [36m304 [0m0.952 ms - -[0m
[0mGET /vendor.js [36m304 [0m0.510 ms - -[0m
[0mGET /main.js [36m304 [0m0.380 ms - -[0m
[0mGET /gate_logo.jpg [36m304 [0m0.487 ms - -[0m
[0mGET /gate_background.jpg [36m304 [0m2.143 ms - -[0m
[0mGET / [36m304 [0m1.414 ms - -[0m
[0mGET /gate_logo.jpg [36m304 [0m0.747 ms - -[0m
[0mGET /ageGate.js [32m200 [0m0.881 ms - 6238[0m
[0mGET /runtime.js [36m304 [0m0.620 ms - -[0m
[0mGET /polyfills.js [36m304 [0m0.552 ms - -[0m
[0mGET /styles.js [36m304 [0m0.520 ms - -[0m
[0mGET /vendor.js [36m304 [0m0.521 ms - -[0m
[0mGET /main.js [36m304 [0m0.444 ms - -[0m
[0mGET /gate_background.jpg [36m304 [0m0.478 ms - -[0m
[0mGET /favicon.ico [32m200 [0m8.755 ms - 167171[0m
[0mGET / [36m304 [0m0.585 ms - -[0m
[0mGET /gate_logo.jpg [36m304 [0m0.564 ms - -[0m
[0mGET /ageGate.js [36m304 [0m0.475 ms - -[0m
[0mGET /runtime.js [36m304 [0m1.172 ms - -[0m
[0mGET /polyfills.js [36m304 [0m1.178 ms - -[0m
[0mGET /styles.js [36m304 [0m0.837 ms - -[0m
[0mGET /vendor.js [36m304 [0m0.856 ms - -[0m
[0mGET /main.js [36m304 [0m0.947 ms - -[0m
[0mGET /gate_background.jpg [36m304 [0m0.942 ms - -[0m
[0mGET /favicon.ico [32m200 [0m0.858 ms - 167171[0m
[0mGET / [36m304 [0m0.699 ms - -[0m
[0mGET /gate_logo.jpg [36m304 [0m1.107 ms - -[0m
[0mGET /ageGate.js [36m304 [0m0.993 ms - -[0m
[0mGET /runtime.js [36m304 [0m0.523 ms - -[0m
[0mGET /vendor.js [36m304 [0m2.991 ms - -[0m
[0mGET /polyfills.js [36m304 [0m3.002 ms - -[0m
[0mGET /main.js [36m304 [0m1.656 ms - -[0m
[0mGET /styles.js [36m304 [0m1.581 ms - -[0m
[0mGET /gate_background.jpg [36m304 [0m0.403 ms - -[0m
[0mGET /favicon.ico [32m200 [0m0.819 ms - 167171[0m
[0mGET / [32m200 [0m1.664 ms - 4407[0m
[0mGET /gate_logo.jpg [32m200 [0m1.066 ms - 12629[0m
[0mGET /ageGate.js [32m200 [0m0.868 ms - 6238[0m
[0mGET /runtime.js [32m200 [0m1.610 ms - 6224[0m
[0mGET /styles.js [32m200 [0m6.856 ms - 19106[0m
[0mGET /main.js [32m200 [0m2.247 ms - 40410[0m
[0mGET /polyfills.js [32m200 [0m1.529 ms - 241776[0m
[0mGET /gate_background.jpg [32m200 [0m1.871 ms - 87666[0m
[0mGET /vendor.js [32m200 [0m2.406 ms - 3992138[0m
[0mGET /favicon.ico [32m200 [0m0.904 ms - 167171[0m
[0mGET / [36m304 [0m0.633 ms - -[0m
[0mGET /gate_logo.jpg [36m304 [0m0.577 ms - -[0m
[0mGET /ageGate.js [36m304 [0m0.450 ms - -[0m
[0mGET /runtime.js [36m304 [0m2.271 ms - -[0m
[0mGET /polyfills.js [36m304 [0m1.097 ms - -[0m
[0mGET /styles.js [36m304 [0m0.528 ms - -[0m
[0mGET /main.js [36m304 [0m1.148 ms - -[0m
[0mGET /vendor.js [36m304 [0m0.826 ms - -[0m
[0mGET /gate_background.jpg [36m304 [0m0.745 ms - -[0m
[0mGET / [36m304 [0m0.542 ms - -[0m
[0mGET /gate_logo.jpg [36m304 [0m0.717 ms - -[0m
[0mGET /ageGate.js [36m304 [0m0.635 ms - -[0m
[0mGET /runtime.js [36m304 [0m0.830 ms - -[0m
[0mGET /polyfills.js [36m304 [0m0.619 ms - -[0m
[0mGET /styles.js [36m304 [0m0.783 ms - -[0m
[0mGET /gate_background.jpg [36m304 [0m1.593 ms - -[0m
[0mGET /vendor.js [36m304 [0m1.582 ms - -[0m
[0mGET /main.js [36m304 [0m1.599 ms - -[0m
[0mGET / [36m304 [0m0.526 ms - -[0m
[0mGET /gate_logo.jpg [36m304 [0m0.575 ms - -[0m
[0mGET /ageGate.js [36m304 [0m0.408 ms - -[0m
[0mGET /runtime.js [36m304 [0m0.412 ms - -[0m
[0mGET /polyfills.js [36m304 [0m0.527 ms - -[0m
[0mGET /styles.js [36m304 [0m0.652 ms - -[0m
[0mGET /vendor.js [36m304 [0m0.933 ms - -[0m
[0mGET /main.js [36m304 [0m0.970 ms - -[0m
[0mGET /gate_background.jpg [36m304 [0m0.500 ms - -[0m
[0mGET / [36m304 [0m0.668 ms - -[0m
[0mGET /gate_logo.jpg [36m304 [0m1.095 ms - -[0m
[0mGET /ageGate.js [36m304 [0m1.047 ms - -[0m
[0mGET /runtime.js [36m304 [0m0.540 ms - -[0m
[0mGET /polyfills.js [36m304 [0m0.456 ms - -[0m
[0mGET /styles.js [36m304 [0m0.569 ms - -[0m
[0mGET /main.js [36m304 [0m0.416 ms - -[0m
[0mGET /vendor.js [36m304 [0m0.447 ms - -[0m
[0mGET /gate_background.jpg [36m304 [0m0.445 ms - -[0m
[0mGET / [36m304 [0m0.631 ms - -[0m
[0mGET /gate_logo.jpg [36m304 [0m0.588 ms - -[0m
[0mGET /ageGate.js [36m304 [0m0.538 ms - -[0m
[0mGET /runtime.js [36m304 [0m0.775 ms - -[0m
[0mGET /polyfills.js [36m304 [0m0.587 ms - -[0m
[0mGET /styles.js [36m304 [0m0.497 ms - -[0m
[0mGET /main.js [36m304 [0m0.578 ms - -[0m
[0mGET /vendor.js [36m304 [0m0.541 ms - -[0m
[0mGET /gate_background.jpg [36m304 [0m0.480 ms - -[0m
